<?xml version="1.0" encoding="UTF-8"?>
<coverage generated="1773586121">
  <project timestamp="1773586121" name="Clover Coverage">
    <package name="AbeTwoThree\LaravelTsPublish\Attributes">
      <file name="/home/runner/work/laravel-ts-publish/laravel-ts-publish/src/Attributes/TsCase.php">
        <class name="AbeTwoThree\LaravelTsPublish\Attributes\TsCase" namespace="AbeTwoThree\LaravelTsPublish\Attributes">
          <metrics complexity="1" methods="1" coveredmethods="1" conditionals="0" coveredconditionals="0" statements="1" coveredstatements="1" elements="2" coveredelements="2"/>
        </class>
        <line num="15" type="method" name="__construct" visibility="public" complexity="1" crap="1" count="62"/>
        <line num="19" type="stmt" count="62"/>
        <metrics loc="21" ncloc="18" classes="1" methods="1" coveredmethods="1" conditionals="0" coveredconditionals="0" statements="1" coveredstatements="1" elements="2" coveredelements="2"/>
      </file>
      <file name="/home/runner/work/laravel-ts-publish/laravel-ts-publish/src/Attributes/TsCasts.php">
        <class name="AbeTwoThree\LaravelTsPublish\Attributes\TsCasts" namespace="AbeTwoThree\LaravelTsPublish\Attributes">
          <metrics complexity="1" methods="1" coveredmethods="1" conditionals="0" coveredconditionals="0" statements="1" coveredstatements="1" elements="2" coveredelements="2"/>
        </class>
        <line num="29" type="method" name="__construct" visibility="public" complexity="1" crap="1" count="124"/>
        <metrics loc="31" ncloc="14" classes="1" methods="1" coveredmethods="1" conditionals="0" coveredconditionals="0" statements="1" coveredstatements="1" elements="2" coveredelements="2"/>
      </file>
      <file name="/home/runner/work/laravel-ts-publish/laravel-ts-publish/src/Attributes/TsEnum.php">
        <class name="AbeTwoThree\LaravelTsPublish\Attributes\TsEnum" namespace="AbeTwoThree\LaravelTsPublish\Attributes">
          <metrics complexity="1" methods="1" coveredmethods="1" conditionals="0" coveredconditionals="0" statements="1" coveredstatements="1" elements="2" coveredelements="2"/>
        </class>
        <line num="18" type="method" name="__construct" visibility="public" complexity="1" crap="1" count="65"/>
        <line num="21" type="stmt" count="65"/>
        <metrics loc="23" ncloc="17" classes="1" methods="1" coveredmethods="1" conditionals="0" coveredconditionals="0" statements="1" coveredstatements="1" elements="2" coveredelements="2"/>
      </file>
      <file name="/home/runner/work/laravel-ts-publish/laravel-ts-publish/src/Attributes/TsEnumMethod.php">
        <class name="AbeTwoThree\LaravelTsPublish\Attributes\TsEnumMethod" namespace="AbeTwoThree\LaravelTsPublish\Attributes">
          <metrics complexity="1" methods="1" coveredmethods="1" conditionals="0" coveredconditionals="0" statements="1" coveredstatements="1" elements="2" coveredelements="2"/>
        </class>
        <line num="22" type="method" name="__construct" visibility="public" complexity="1" crap="1" count="116"/>
        <line num="26" type="stmt" count="116"/>
        <metrics loc="28" ncloc="18" classes="1" methods="1" coveredmethods="1" conditionals="0" coveredconditionals="0" statements="1" coveredstatements="1" elements="2" coveredelements="2"/>
      </file>
      <file name="/home/runner/work/laravel-ts-publish/laravel-ts-publish/src/Attributes/TsEnumStaticMethod.php">
        <class name="AbeTwoThree\LaravelTsPublish\Attributes\TsEnumStaticMethod" namespace="AbeTwoThree\LaravelTsPublish\Attributes">
          <metrics complexity="1" methods="1" coveredmethods="1" conditionals="0" coveredconditionals="0" statements="1" coveredstatements="1" elements="2" coveredelements="2"/>
        </class>
        <line num="20" type="method" name="__construct" visibility="public" complexity="1" crap="1" count="110"/>
        <line num="24" type="stmt" count="110"/>
        <metrics loc="26" ncloc="18" classes="1" methods="1" coveredmethods="1" conditionals="0" coveredconditionals="0" statements="1" coveredstatements="1" elements="2" coveredelements="2"/>
      </file>
      <file name="/home/runner/work/laravel-ts-publish/laravel-ts-publish/src/Attributes/TsType.php">
        <class name="AbeTwoThree\LaravelTsPublish\Attributes\TsType" namespace="AbeTwoThree\LaravelTsPublish\Attributes">
          <metrics complexity="1" methods="1" coveredmethods="1" conditionals="0" coveredconditionals="0" statements="1" coveredstatements="1" elements="2" coveredelements="2"/>
        </class>
        <line num="28" type="method" name="__construct" visibility="public" complexity="1" crap="1" count="66"/>
        <metrics loc="30" ncloc="14" classes="1" methods="1" coveredmethods="1" conditionals="0" coveredconditionals="0" statements="1" coveredstatements="1" elements="2" coveredelements="2"/>
      </file>
    </package>
    <package name="AbeTwoThree\LaravelTsPublish\Collectors">
      <file name="/home/runner/work/laravel-ts-publish/laravel-ts-publish/src/Collectors/CoreCollector.php">
        <class name="AbeTwoThree\LaravelTsPublish\Collectors\CoreCollector" namespace="AbeTwoThree\LaravelTsPublish\Collectors">
          <metrics complexity="4" methods="2" coveredmethods="2" conditionals="0" coveredconditionals="0" statements="39" coveredstatements="39" elements="41" coveredelements="41"/>
        </class>
        <line num="31" type="method" name="collect" visibility="public" complexity="2" crap="2" count="67"/>
        <line num="33" type="stmt" count="67"/>
        <line num="35" type="stmt" count="67"/>
        <line num="36" type="stmt" count="67"/>
        <line num="37" type="stmt" count="67"/>
        <line num="39" type="stmt" count="67"/>
        <line num="40" type="stmt" count="67"/>
        <line num="41" type="stmt" count="67"/>
        <line num="43" type="stmt" count="67"/>
        <line num="44" type="stmt" count="67"/>
        <line num="46" type="stmt" count="67"/>
        <line num="47" type="stmt" count="67"/>
        <line num="48" type="stmt" count="67"/>
        <line num="50" type="stmt" count="67"/>
        <line num="53" type="stmt" count="67"/>
        <line num="54" type="stmt" count="67"/>
        <line num="55" type="stmt" count="67"/>
        <line num="56" type="stmt" count="67"/>
        <line num="57" type="stmt" count="67"/>
        <line num="58" type="stmt" count="67"/>
        <line num="59" type="stmt" count="67"/>
        <line num="60" type="stmt" count="67"/>
        <line num="61" type="stmt" count="67"/>
        <line num="62" type="stmt" count="4"/>
        <line num="64" type="stmt" count="4"/>
        <line num="65" type="stmt" count="67"/>
        <line num="66" type="stmt" count="67"/>
        <line num="67" type="stmt" count="4"/>
        <line num="69" type="stmt" count="4"/>
        <line num="70" type="stmt" count="67"/>
        <line num="71" type="stmt" count="67"/>
        <line num="72" type="stmt" count="67"/>
        <line num="82" type="method" name="resolveClassesAndDirectories" visibility="private" complexity="2" crap="2" count="8"/>
        <line num="84" type="stmt" count="8"/>
        <line num="85" type="stmt" count="8"/>
        <line num="86" type="stmt" count="8"/>
        <line num="87" type="stmt" count="8"/>
        <line num="90" type="stmt" count="4"/>
        <line num="91" type="stmt" count="8"/>
        <line num="92" type="stmt" count="8"/>
        <line num="93" type="stmt" count="8"/>
        <metrics loc="96" ncloc="76" classes="1" methods="2" coveredmethods="2" conditionals="0" coveredconditionals="0" statements="39" coveredstatements="39" elements="41" coveredelements="41"/>
      </file>
      <file name="/home/runner/work/laravel-ts-publish/laravel-ts-publish/src/Collectors/EnumsCollector.php">
        <class name="AbeTwoThree\LaravelTsPublish\Collectors\EnumsCollector" namespace="AbeTwoThree\LaravelTsPublish\Collectors">
          <metrics complexity="3" methods="3" coveredmethods="3" conditionals="0" coveredconditionals="0" statements="7" coveredstatements="7" elements="10" coveredelements="10"/>
        </class>
        <line num="16" type="method" name="defaultDirectory" visibility="protected" complexity="1" crap="1" count="56"/>
        <line num="18" type="stmt" count="56"/>
        <line num="22" type="method" name="classFilter" visibility="protected" complexity="1" crap="1" count="56"/>
        <line num="24" type="stmt" count="56"/>
        <line num="27" type="method" name="finderSettings" visibility="protected" complexity="1" crap="1" count="56"/>
        <line num="29" type="stmt" count="56"/>
        <line num="30" type="stmt" count="56"/>
        <line num="31" type="stmt" count="56"/>
        <line num="32" type="stmt" count="56"/>
        <line num="33" type="stmt" count="56"/>
        <metrics loc="36" ncloc="32" classes="1" methods="3" coveredmethods="3" conditionals="0" coveredconditionals="0" statements="7" coveredstatements="7" elements="10" coveredelements="10"/>
      </file>
      <file name="/home/runner/work/laravel-ts-publish/laravel-ts-publish/src/Collectors/ModelsCollector.php">
        <class name="AbeTwoThree\LaravelTsPublish\Collectors\ModelsCollector" namespace="AbeTwoThree\LaravelTsPublish\Collectors">
          <metrics complexity="4" methods="3" coveredmethods="3" conditionals="0" coveredconditionals="0" statements="7" coveredstatements="7" elements="10" coveredelements="10"/>
        </class>
        <line num="15" type="method" name="defaultDirectory" visibility="protected" complexity="1" crap="1" count="53"/>
        <line num="17" type="stmt" count="53"/>
        <line num="21" type="method" name="classFilter" visibility="protected" complexity="2" crap="2" count="53"/>
        <line num="23" type="stmt" count="53"/>
        <line num="26" type="method" name="finderSettings" visibility="protected" complexity="1" crap="1" count="53"/>
        <line num="28" type="stmt" count="53"/>
        <line num="29" type="stmt" count="53"/>
        <line num="30" type="stmt" count="53"/>
        <line num="31" type="stmt" count="53"/>
        <line num="32" type="stmt" count="53"/>
        <metrics loc="35" ncloc="31" classes="1" methods="3" coveredmethods="3" conditionals="0" coveredconditionals="0" statements="7" coveredstatements="7" elements="10" coveredelements="10"/>
      </file>
    </package>
    <package name="AbeTwoThree\LaravelTsPublish\Commands">
      <file name="/home/runner/work/laravel-ts-publish/laravel-ts-publish/src/Commands/TsPublishCommand.php">
        <class name="AbeTwoThree\LaravelTsPublish\Commands\TsPublishCommand" namespace="AbeTwoThree\LaravelTsPublish\Commands">
          <metrics complexity="58" methods="10" coveredmethods="10" conditionals="0" coveredconditionals="0" statements="169" coveredstatements="169" elements="179" coveredelements="179"/>
        </class>
        <line num="34" type="method" name="handle" visibility="public" complexity="5" crap="5" count="32"/>
        <line num="36" type="stmt" count="32"/>
        <line num="38" type="stmt" count="32"/>
        <line num="39" type="stmt" count="1"/>
        <line num="40" type="stmt" count="1"/>
        <line num="43" type="stmt" count="1"/>
        <line num="47" type="stmt" count="31"/>
        <line num="49" type="stmt" count="31"/>
        <line num="52" type="method" name="runAll" visibility="protected" complexity="5" crap="5" count="24"/>
        <line num="54" type="stmt" count="24"/>
        <line num="55" type="stmt" count="24"/>
        <line num="57" type="stmt" count="24"/>
        <line num="58" type="stmt" count="23"/>
        <line num="61" type="stmt" count="24"/>
        <line num="62" type="stmt" count="24"/>
        <line num="64" type="stmt" count="24"/>
        <line num="65" type="stmt" count="3"/>
        <line num="68" type="stmt" count="21"/>
        <line num="69" type="stmt" count="21"/>
        <line num="71" type="stmt" count="21"/>
        <line num="72" type="stmt" count="20"/>
        <line num="73" type="stmt" count="12"/>
        <line num="75" type="stmt" count="8"/>
        <line num="78" type="stmt" count="20"/>
        <line num="79" type="stmt" count="20"/>
        <line num="81" type="stmt" count="20"/>
        <line num="84" type="stmt" count="21"/>
        <line num="87" type="method" name="runSource" visibility="protected" complexity="7" crap="7" count="7"/>
        <line num="89" type="stmt" count="7"/>
        <line num="90" type="stmt" count="7"/>
        <line num="92" type="stmt" count="7"/>
        <line num="93" type="stmt" count="6"/>
        <line num="97" type="stmt" count="7"/>
        <line num="98" type="stmt" count="7"/>
        <line num="100" type="stmt" count="7"/>
        <line num="101" type="stmt" count="1"/>
        <line num="104" type="stmt" count="6"/>
        <line num="105" type="stmt" count="6"/>
        <line num="106" type="stmt" count="1"/>
        <line num="107" type="stmt" count="1"/>
        <line num="108" type="stmt" count="1"/>
        <line num="111" type="stmt" count="1"/>
        <line num="114" type="stmt" count="5"/>
        <line num="115" type="stmt" count="4"/>
        <line num="116" type="stmt" count="3"/>
        <line num="118" type="stmt" count="1"/>
        <line num="121" type="stmt" count="4"/>
        <line num="122" type="stmt" count="4"/>
        <line num="124" type="stmt" count="4"/>
        <line num="127" type="stmt" count="5"/>
        <line num="135" type="method" name="resolvePublishFlags" visibility="protected" complexity="10" crap="10" count="31"/>
        <line num="137" type="stmt" count="31"/>
        <line num="138" type="stmt" count="31"/>
        <line num="139" type="stmt" count="31"/>
        <line num="140" type="stmt" count="31"/>
        <line num="142" type="stmt" count="31"/>
        <line num="143" type="stmt" count="31"/>
        <line num="145" type="stmt" count="31"/>
        <line num="146" type="stmt" count="4"/>
        <line num="148" type="stmt" count="4"/>
        <line num="149" type="stmt" count="2"/>
        <line num="151" type="stmt" count="2"/>
        <line num="152" type="stmt" count="1"/>
        <line num="157" type="stmt" count="30"/>
        <line num="158" type="stmt" count="3"/>
        <line num="160" type="stmt" count="3"/>
        <line num="161" type="stmt" count="1"/>
        <line num="163" type="stmt" count="1"/>
        <line num="164" type="stmt" count="1"/>
        <line num="169" type="stmt" count="29"/>
        <line num="170" type="stmt" count="2"/>
        <line num="171" type="stmt" count="2"/>
        <line num="174" type="stmt" count="2"/>
        <line num="177" type="stmt" count="27"/>
        <line num="180" type="method" name="promptConfigOverride" visibility="protected" complexity="2" crap="2" count="3"/>
        <line num="182" type="stmt" count="3"/>
        <line num="183" type="stmt" count="2"/>
        <line num="186" type="stmt" count="1"/>
        <line num="189" type="method" name="createPreview" visibility="protected" complexity="11" crap="11" count="15"/>
        <line num="191" type="stmt" count="15"/>
        <line num="193" type="stmt" count="15"/>
        <line num="194" type="stmt" count="12"/>
        <line num="195" type="stmt" count="12"/>
        <line num="196" type="stmt" count="12"/>
        <line num="197" type="stmt" count="12"/>
        <line num="198" type="stmt" count="12"/>
        <line num="199" type="stmt" count="12"/>
        <line num="203" type="stmt" count="15"/>
        <line num="204" type="stmt" count="10"/>
        <line num="205" type="stmt" count="10"/>
        <line num="206" type="stmt" count="1"/>
        <line num="207" type="stmt" count="1"/>
        <line num="208" type="stmt" count="1"/>
        <line num="209" type="stmt" count="1"/>
        <line num="210" type="stmt" count="1"/>
        <line num="213" type="stmt" count="9"/>
        <line num="214" type="stmt" count="9"/>
        <line num="215" type="stmt" count="9"/>
        <line num="216" type="stmt" count="9"/>
        <line num="220" type="stmt" count="15"/>
        <line num="221" type="stmt" count="10"/>
        <line num="222" type="stmt" count="10"/>
        <line num="223" type="stmt" count="10"/>
        <line num="224" type="stmt" count="10"/>
        <line num="225" type="stmt" count="10"/>
        <line num="226" type="stmt" count="10"/>
        <line num="230" type="stmt" count="15"/>
        <line num="231" type="stmt" count="9"/>
        <line num="232" type="stmt" count="9"/>
        <line num="233" type="stmt" count="1"/>
        <line num="234" type="stmt" count="1"/>
        <line num="235" type="stmt" count="1"/>
        <line num="236" type="stmt" count="1"/>
        <line num="237" type="stmt" count="1"/>
        <line num="240" type="stmt" count="8"/>
        <line num="241" type="stmt" count="8"/>
        <line num="242" type="stmt" count="8"/>
        <line num="243" type="stmt" count="8"/>
        <line num="248" type="method" name="createPublishedFilesList" visibility="protected" complexity="2" crap="2" count="9"/>
        <line num="250" type="stmt" count="9"/>
        <line num="252" type="stmt" count="9"/>
        <line num="254" type="stmt" count="9"/>
        <line num="255" type="stmt" count="1"/>
        <line num="257" type="stmt" count="8"/>
        <line num="261" type="method" name="createCompactSummary" visibility="protected" complexity="5" crap="5" count="8"/>
        <line num="263" type="stmt" count="8"/>
        <line num="264" type="stmt" count="8"/>
        <line num="266" type="stmt" count="8"/>
        <line num="268" type="stmt" count="8"/>
        <line num="269" type="stmt" count="7"/>
        <line num="272" type="stmt" count="8"/>
        <line num="273" type="stmt" count="6"/>
        <line num="276" type="stmt" count="8"/>
        <line num="277" type="stmt" count="8"/>
        <line num="280" type="stmt" count="8"/>
        <line num="282" type="stmt" count="8"/>
        <line num="283" type="stmt" count="7"/>
        <line num="287" type="method" name="createVerboseFilesList" visibility="protected" complexity="4" crap="4" count="1"/>
        <line num="289" type="stmt" count="1"/>
        <line num="291" type="stmt" count="1"/>
        <line num="292" type="stmt" count="1"/>
        <line num="293" type="stmt" count="1"/>
        <line num="294" type="stmt" count="1"/>
        <line num="295" type="stmt" count="1"/>
        <line num="296" type="stmt" count="1"/>
        <line num="297" type="stmt" count="1"/>
        <line num="299" type="stmt" count="1"/>
        <line num="300" type="stmt" count="1"/>
        <line num="301" type="stmt" count="1"/>
        <line num="302" type="stmt" count="1"/>
        <line num="305" type="stmt" count="1"/>
        <line num="307" type="stmt" count="1"/>
        <line num="308" type="stmt" count="1"/>
        <line num="309" type="stmt" count="1"/>
        <line num="310" type="stmt" count="1"/>
        <line num="311" type="stmt" count="1"/>
        <line num="312" type="stmt" count="1"/>
        <line num="313" type="stmt" count="1"/>
        <line num="315" type="stmt" count="1"/>
        <line num="316" type="stmt" count="1"/>
        <line num="317" type="stmt" count="1"/>
        <line num="318" type="stmt" count="1"/>
        <line num="321" type="stmt" count="1"/>
        <line num="323" type="stmt" count="1"/>
        <line num="325" type="stmt" count="1"/>
        <line num="326" type="stmt" count="1"/>
        <line num="327" type="stmt" count="1"/>
        <line num="328" type="stmt" count="1"/>
        <line num="335" type="method" name="collectExtras" visibility="protected" complexity="7" crap="7" count="9"/>
        <line num="337" type="stmt" count="9"/>
        <line num="338" type="stmt" count="9"/>
        <line num="339" type="stmt" count="1"/>
        <line num="340" type="stmt" count="8"/>
        <line num="341" type="stmt" count="9"/>
        <line num="342" type="stmt" count="1"/>
        <line num="343" type="stmt" count="8"/>
        <line num="344" type="stmt" count="9"/>
        <line num="345" type="stmt" count="9"/>
        <line num="346" type="stmt" count="9"/>
        <metrics loc="349" ncloc="337" classes="1" methods="10" coveredmethods="10" conditionals="0" coveredconditionals="0" statements="169" coveredstatements="169" elements="179" coveredelements="179"/>
      </file>
    </package>
    <file name="/home/runner/work/laravel-ts-publish/laravel-ts-publish/src/Dtos/Contracts/Datable.php">
      <metrics loc="13" ncloc="10" classes="0" methods="0" coveredmethods="0" conditionals="0" coveredconditionals="0" statements="0" coveredstatements="0" elements="0" coveredelements="0"/>
    </file>
    <package name="AbeTwoThree\LaravelTsPublish\Dtos">
      <file name="/home/runner/work/laravel-ts-publish/laravel-ts-publish/src/Dtos/TsEnumDto.php">
        <class name="AbeTwoThree\LaravelTsPublish\Dtos\TsEnumDto" namespace="AbeTwoThree\LaravelTsPublish\Dtos">
          <metrics complexity="4" methods="4" coveredmethods="4" conditionals="0" coveredconditionals="0" statements="15" coveredstatements="15" elements="19" coveredelements="19"/>
        </class>
        <line num="41" type="method" name="__construct" visibility="public" complexity="1" crap="1" count="132"/>
        <line num="52" type="stmt" count="132"/>
        <line num="55" type="method" name="toArray" visibility="public" complexity="1" crap="1" count="3"/>
        <line num="57" type="stmt" count="3"/>
        <line num="58" type="stmt" count="3"/>
        <line num="59" type="stmt" count="3"/>
        <line num="60" type="stmt" count="3"/>
        <line num="61" type="stmt" count="3"/>
        <line num="62" type="stmt" count="3"/>
        <line num="63" type="stmt" count="3"/>
        <line num="64" type="stmt" count="3"/>
        <line num="65" type="stmt" count="3"/>
        <line num="66" type="stmt" count="3"/>
        <line num="67" type="stmt" count="3"/>
        <line num="68" type="stmt" count="3"/>
        <line num="71" type="method" name="toJson" visibility="public" complexity="1" crap="1" count="1"/>
        <line num="73" type="stmt" count="1"/>
        <line num="76" type="method" name="jsonSerialize" visibility="public" complexity="1" crap="1" count="1"/>
        <line num="78" type="stmt" count="1"/>
        <metrics loc="81" ncloc="51" classes="1" methods="4" coveredmethods="4" conditionals="0" coveredconditionals="0" statements="15" coveredstatements="15" elements="19" coveredelements="19"/>
      </file>
      <file name="/home/runner/work/laravel-ts-publish/laravel-ts-publish/src/Dtos/TsModelDto.php">
        <class name="AbeTwoThree\LaravelTsPublish\Dtos\TsModelDto" namespace="AbeTwoThree\LaravelTsPublish\Dtos">
          <metrics complexity="4" methods="4" coveredmethods="4" conditionals="0" coveredconditionals="0" statements="16" coveredstatements="16" elements="20" coveredelements="20"/>
        </class>
        <line num="45" type="method" name="__construct" visibility="public" complexity="1" crap="1" count="134"/>
        <line num="57" type="stmt" count="134"/>
        <line num="60" type="method" name="toArray" visibility="public" complexity="1" crap="1" count="3"/>
        <line num="62" type="stmt" count="3"/>
        <line num="63" type="stmt" count="3"/>
        <line num="64" type="stmt" count="3"/>
        <line num="65" type="stmt" count="3"/>
        <line num="66" type="stmt" count="3"/>
        <line num="67" type="stmt" count="3"/>
        <line num="68" type="stmt" count="3"/>
        <line num="69" type="stmt" count="3"/>
        <line num="70" type="stmt" count="3"/>
        <line num="71" type="stmt" count="3"/>
        <line num="72" type="stmt" count="3"/>
        <line num="73" type="stmt" count="3"/>
        <line num="74" type="stmt" count="3"/>
        <line num="77" type="method" name="toJson" visibility="public" complexity="1" crap="1" count="1"/>
        <line num="79" type="stmt" count="1"/>
        <line num="82" type="method" name="jsonSerialize" visibility="public" complexity="1" crap="1" count="1"/>
        <line num="84" type="stmt" count="1"/>
        <metrics loc="87" ncloc="53" classes="1" methods="4" coveredmethods="4" conditionals="0" coveredconditionals="0" statements="16" coveredstatements="16" elements="20" coveredelements="20"/>
      </file>
    </package>
    <package name="AbeTwoThree\LaravelTsPublish">
      <file name="/home/runner/work/laravel-ts-publish/laravel-ts-publish/src/EnumResource.php">
        <class name="AbeTwoThree\LaravelTsPublish\EnumResource" namespace="AbeTwoThree\LaravelTsPublish">
          <metrics complexity="1" methods="1" coveredmethods="1" conditionals="0" coveredconditionals="0" statements="5" coveredstatements="5" elements="6" coveredelements="6"/>
        </class>
        <line num="25" type="method" name="toArray" visibility="public" complexity="1" crap="1" count="15"/>
        <line num="28" type="stmt" count="15"/>
        <line num="30" type="stmt" count="15"/>
        <line num="31" type="stmt" count="15"/>
        <line num="32" type="stmt" count="15"/>
        <line num="33" type="stmt" count="15"/>
        <metrics loc="36" ncloc="28" classes="1" methods="1" coveredmethods="1" conditionals="0" coveredconditionals="0" statements="5" coveredstatements="5" elements="6" coveredelements="6"/>
      </file>
      <file name="/home/runner/work/laravel-ts-publish/laravel-ts-publish/src/LaravelTsPublish.php">
        <class name="AbeTwoThree\LaravelTsPublish\LaravelTsPublish" namespace="AbeTwoThree\LaravelTsPublish">
          <metrics complexity="89" methods="19" coveredmethods="19" conditionals="0" coveredconditionals="0" statements="197" coveredstatements="197" elements="216" coveredelements="216"/>
        </class>
        <line num="48" type="method" name="callCommandUsing" visibility="public" complexity="1" crap="1" count="4"/>
        <line num="50" type="stmt" count="4"/>
        <line num="56" type="method" name="callCommandWith" visibility="public" complexity="2" crap="2" count="37"/>
        <line num="58" type="stmt" count="37"/>
        <line num="59" type="stmt" count="4"/>
        <line num="66" type="method" name="typesMap" visibility="public" complexity="1" crap="1" count="166"/>
        <line num="68" type="stmt" count="166"/>
        <line num="71" type="method" name="keyCase" visibility="public" complexity="5" crap="5" count="222"/>
        <line num="73" type="stmt" count="222"/>
        <line num="74" type="stmt" count="122"/>
        <line num="75" type="stmt" count="140"/>
        <line num="76" type="stmt" count="1"/>
        <line num="77" type="stmt" count="222"/>
        <line num="78" type="stmt" count="222"/>
        <line num="95" type="method" name="phpToTypeScriptType" visibility="public" complexity="19" crap="19" count="165"/>
        <line num="97" type="stmt" count="165"/>
        <line num="98" type="stmt" count="165"/>
        <line num="99" type="stmt" count="165"/>
        <line num="102" type="stmt" count="165"/>
        <line num="104" type="stmt" count="165"/>
        <line num="105" type="stmt" count="154"/>
        <line num="107" type="stmt" count="154"/>
        <line num="111" type="stmt" count="147"/>
        <line num="112" type="stmt" count="141"/>
        <line num="113" type="stmt" count="141"/>
        <line num="114" type="stmt" count="62"/>
        <line num="116" type="stmt" count="62"/>
        <line num="118" type="stmt" count="61"/>
        <line num="120" type="stmt" count="61"/>
        <line num="121" type="stmt" count="60"/>
        <line num="122" type="stmt" count="60"/>
        <line num="126" type="stmt" count="1"/>
        <line num="129" type="stmt" count="62"/>
        <line num="137" type="stmt" count="139"/>
        <line num="138" type="stmt" count="130"/>
        <line num="139" type="stmt" count="130"/>
        <line num="140" type="stmt" count="130"/>
        <line num="141" type="stmt" count="49"/>
        <line num="142" type="stmt" count="129"/>
        <line num="144" type="stmt" count="130"/>
        <line num="145" type="stmt" count="130"/>
        <line num="146" type="stmt" count="130"/>
        <line num="147" type="stmt" count="130"/>
        <line num="149" type="stmt" count="130"/>
        <line num="153" type="stmt" count="97"/>
        <line num="154" type="stmt" count="56"/>
        <line num="156" type="stmt" count="56"/>
        <line num="157" type="stmt" count="55"/>
        <line num="160" type="stmt" count="1"/>
        <line num="162" type="stmt" count="1"/>
        <line num="166" type="stmt" count="95"/>
        <line num="167" type="stmt" count="55"/>
        <line num="168" type="stmt" count="55"/>
        <line num="169" type="stmt" count="55"/>
        <line num="170" type="stmt" count="55"/>
        <line num="172" type="stmt" count="55"/>
        <line num="176" type="stmt" count="88"/>
        <line num="177" type="stmt" count="1"/>
        <line num="179" type="stmt" count="1"/>
        <line num="183" type="stmt" count="87"/>
        <line num="184" type="stmt" count="87"/>
        <line num="185" type="stmt" count="86"/>
        <line num="187" type="stmt" count="86"/>
        <line num="191" type="stmt" count="1"/>
        <line num="193" type="stmt" count="1"/>
        <line num="197" type="method" name="methodReturnedTypes" visibility="public" complexity="2" crap="2" count="63"/>
        <line num="199" type="stmt" count="63"/>
        <line num="200" type="stmt" count="1"/>
        <line num="203" type="stmt" count="62"/>
        <line num="207" type="method" name="closureReturnedTypes" visibility="public" complexity="1" crap="1" count="129"/>
        <line num="209" type="stmt" count="129"/>
        <line num="213" type="method" name="resolveReflectionType" visibility="public" complexity="9" crap="9" count="138"/>
        <line num="215" type="stmt" count="138"/>
        <line num="218" type="stmt" count="138"/>
        <line num="219" type="stmt" count="130"/>
        <line num="221" type="stmt" count="130"/>
        <line num="222" type="stmt" count="81"/>
        <line num="225" type="stmt" count="130"/>
        <line num="229" type="stmt" count="8"/>
        <line num="230" type="stmt" count="1"/>
        <line num="234" type="stmt" count="7"/>
        <line num="235" type="stmt" count="4"/>
        <line num="236" type="stmt" count="4"/>
        <line num="237" type="stmt" count="4"/>
        <line num="238" type="stmt" count="4"/>
        <line num="240" type="stmt" count="4"/>
        <line num="241" type="stmt" count="4"/>
        <line num="242" type="stmt" count="4"/>
        <line num="244" type="stmt" count="4"/>
        <line num="245" type="stmt" count="4"/>
        <line num="246" type="stmt" count="4"/>
        <line num="247" type="stmt" count="4"/>
        <line num="248" type="stmt" count="4"/>
        <line num="249" type="stmt" count="4"/>
        <line num="250" type="stmt" count="4"/>
        <line num="251" type="stmt" count="4"/>
        <line num="252" type="stmt" count="4"/>
        <line num="254" type="stmt" count="4"/>
        <line num="255" type="stmt" count="1"/>
        <line num="258" type="stmt" count="2"/>
        <line num="262" type="stmt" count="4"/>
        <line num="263" type="stmt" count="4"/>
        <line num="264" type="stmt" count="4"/>
        <line num="265" type="stmt" count="4"/>
        <line num="266" type="stmt" count="4"/>
        <line num="267" type="stmt" count="4"/>
        <line num="268" type="stmt" count="4"/>
        <line num="270" type="stmt" count="4"/>
        <line num="273" type="stmt" count="3"/>
        <line num="276" type="method" name="validJsObjectKey" visibility="public" complexity="2" crap="2" count="110"/>
        <line num="280" type="stmt" count="110"/>
        <line num="281" type="stmt" count="109"/>
        <line num="285" type="stmt" count="52"/>
        <line num="301" type="method" name="toJsLiteral" visibility="public" complexity="13" crap="13" count="87"/>
        <line num="303" type="stmt" count="87"/>
        <line num="304" type="stmt" count="52"/>
        <line num="307" type="stmt" count="86"/>
        <line num="308" type="stmt" count="52"/>
        <line num="311" type="stmt" count="85"/>
        <line num="312" type="stmt" count="80"/>
        <line num="315" type="stmt" count="84"/>
        <line num="316" type="stmt" count="80"/>
        <line num="320" type="stmt" count="81"/>
        <line num="321" type="stmt" count="52"/>
        <line num="324" type="stmt" count="80"/>
        <line num="325" type="stmt" count="1"/>
        <line num="328" type="stmt" count="79"/>
        <line num="329" type="stmt" count="1"/>
        <line num="332" type="stmt" count="79"/>
        <line num="333" type="stmt" count="78"/>
        <line num="334" type="stmt" count="76"/>
        <line num="337" type="stmt" count="77"/>
        <line num="338" type="stmt" count="77"/>
        <line num="339" type="stmt" count="77"/>
        <line num="342" type="stmt" count="77"/>
        <line num="345" type="stmt" count="1"/>
        <line num="360" type="method" name="extractImportableTypes" visibility="public" complexity="8" crap="8" count="73"/>
        <line num="362" type="stmt" count="73"/>
        <line num="363" type="stmt" count="73"/>
        <line num="365" type="stmt" count="73"/>
        <line num="366" type="stmt" count="73"/>
        <line num="368" type="stmt" count="73"/>
        <line num="369" type="stmt" count="59"/>
        <line num="373" type="stmt" count="72"/>
        <line num="374" type="stmt" count="3"/>
        <line num="378" type="stmt" count="69"/>
        <line num="381" type="stmt" count="73"/>
        <line num="385" type="method" name="emptyTypeScriptInfo" visibility="public" complexity="1" crap="1" count="170"/>
        <line num="387" type="stmt" count="170"/>
        <line num="398" type="method" name="namespaceToPath" visibility="public" complexity="3" crap="3" count="240"/>
        <line num="400" type="stmt" count="240"/>
        <line num="402" type="stmt" count="240"/>
        <line num="404" type="stmt" count="240"/>
        <line num="405" type="stmt" count="23"/>
        <line num="408" type="stmt" count="240"/>
        <line num="409" type="stmt" count="240"/>
        <line num="410" type="stmt" count="240"/>
        <line num="411" type="stmt" count="240"/>
        <line num="421" type="method" name="relativeImportPath" visibility="public" complexity="4" crap="4" count="16"/>
        <line num="423" type="stmt" count="16"/>
        <line num="424" type="stmt" count="11"/>
        <line num="427" type="stmt" count="15"/>
        <line num="428" type="stmt" count="15"/>
        <line num="431" type="stmt" count="15"/>
        <line num="432" type="stmt" count="15"/>
        <line num="434" type="stmt" count="15"/>
        <line num="435" type="stmt" count="13"/>
        <line num="438" type="stmt" count="15"/>
        <line num="439" type="stmt" count="15"/>
        <line num="441" type="stmt" count="15"/>
        <line num="443" type="stmt" count="15"/>
        <line num="458" type="method" name="sortImportPaths" visibility="public" complexity="4" crap="4" count="139"/>
        <line num="460" type="stmt" count="139"/>
        <line num="461" type="stmt" count="131"/>
        <line num="462" type="stmt" count="131"/>
        <line num="464" type="stmt" count="131"/>
        <line num="465" type="stmt" count="65"/>
        <line num="469" type="stmt" count="121"/>
        <line num="470" type="stmt" count="120"/>
        <line num="471" type="stmt" count="120"/>
        <line num="473" type="stmt" count="120"/>
        <line num="474" type="stmt" count="120"/>
        <line num="478" type="stmt" count="10"/>
        <line num="479" type="stmt" count="139"/>
        <line num="481" type="stmt" count="139"/>
        <line num="491" type="method" name="importSortGroup" visibility="protected" complexity="3" crap="3" count="131"/>
        <line num="493" type="stmt" count="131"/>
        <line num="494" type="stmt" count="130"/>
        <line num="497" type="stmt" count="66"/>
        <line num="498" type="stmt" count="66"/>
        <line num="501" type="stmt" count="1"/>
        <line num="509" type="method" name="sanitizeJsDoc" visibility="public" complexity="1" crap="1" count="109"/>
        <line num="511" type="stmt" count="109"/>
        <line num="518" type="method" name="parseDocBlockDescription" visibility="public" complexity="7" crap="7" count="239"/>
        <line num="520" type="stmt" count="239"/>
        <line num="521" type="stmt" count="235"/>
        <line num="524" type="stmt" count="182"/>
        <line num="525" type="stmt" count="182"/>
        <line num="527" type="stmt" count="182"/>
        <line num="529" type="stmt" count="182"/>
        <line num="530" type="stmt" count="182"/>
        <line num="531" type="stmt" count="182"/>
        <line num="534" type="stmt" count="182"/>
        <line num="535" type="stmt" count="141"/>
        <line num="539" type="stmt" count="182"/>
        <line num="540" type="stmt" count="89"/>
        <line num="543" type="stmt" count="181"/>
        <line num="546" type="stmt" count="182"/>
        <line num="554" type="method" name="resolveClassFromFile" visibility="public" complexity="3" crap="3" count="9"/>
        <line num="556" type="stmt" count="9"/>
        <line num="557" type="stmt" count="8"/>
        <line num="558" type="stmt" count="1"/>
        <line num="560" type="stmt" count="9"/>
        <line num="561" type="stmt" count="2"/>
        <line num="564" type="stmt" count="7"/>
        <line num="566" type="stmt" count="7"/>
        <metrics loc="569" ncloc="427" classes="1" methods="19" coveredmethods="19" conditionals="0" coveredconditionals="0" statements="197" coveredstatements="197" elements="216" coveredelements="216"/>
      </file>
      <file name="/home/runner/work/laravel-ts-publish/laravel-ts-publish/src/LaravelTsPublishServiceProvider.php">
        <class name="AbeTwoThree\LaravelTsPublish\LaravelTsPublishServiceProvider" namespace="AbeTwoThree\LaravelTsPublish">
          <metrics complexity="5" methods="2" coveredmethods="2" conditionals="0" coveredconditionals="0" statements="13" coveredstatements="13" elements="15" coveredelements="15"/>
        </class>
        <line num="18" type="method" name="configurePackage" visibility="public" complexity="1" crap="1" count="394"/>
        <line num="25" type="stmt" count="394"/>
        <line num="26" type="stmt" count="394"/>
        <line num="27" type="stmt" count="394"/>
        <line num="28" type="stmt" count="394"/>
        <line num="29" type="stmt" count="394"/>
        <line num="32" type="method" name="packageBooted" visibility="public" complexity="4" crap="4" count="394"/>
        <line num="35" type="stmt" count="394"/>
        <line num="36" type="stmt" count="394"/>
        <line num="37" type="stmt" count="394"/>
        <line num="39" type="stmt" count="1"/>
        <line num="41" type="stmt" count="1"/>
        <line num="42" type="stmt" count="1"/>
        <line num="43" type="stmt" count="1"/>
        <line num="44" type="stmt" count="1"/>
        <metrics loc="48" ncloc="42" classes="1" methods="2" coveredmethods="2" conditionals="0" coveredconditionals="0" statements="13" coveredstatements="13" elements="15" coveredelements="15"/>
      </file>
      <file name="/home/runner/work/laravel-ts-publish/laravel-ts-publish/src/TypeScriptMap.php">
        <class name="AbeTwoThree\LaravelTsPublish\TypeScriptMap" namespace="AbeTwoThree\LaravelTsPublish">
          <metrics complexity="4" methods="2" coveredmethods="2" conditionals="0" coveredconditionals="0" statements="67" coveredstatements="67" elements="69" coveredelements="69"/>
        </class>
        <line num="31" type="method" name="gather" visibility="public" complexity="2" crap="2" count="173"/>
        <line num="33" type="stmt" count="173"/>
        <line num="34" type="stmt" count="145"/>
        <line num="37" type="stmt" count="173"/>
        <line num="39" type="stmt" count="173"/>
        <line num="40" type="stmt" count="173"/>
        <line num="41" type="stmt" count="173"/>
        <line num="42" type="stmt" count="173"/>
        <line num="43" type="stmt" count="173"/>
        <line num="44" type="stmt" count="173"/>
        <line num="45" type="stmt" count="173"/>
        <line num="46" type="stmt" count="173"/>
        <line num="47" type="stmt" count="173"/>
        <line num="48" type="stmt" count="173"/>
        <line num="49" type="stmt" count="173"/>
        <line num="50" type="stmt" count="173"/>
        <line num="53" type="stmt" count="173"/>
        <line num="56" type="stmt" count="173"/>
        <line num="57" type="stmt" count="173"/>
        <line num="58" type="stmt" count="173"/>
        <line num="59" type="stmt" count="173"/>
        <line num="60" type="stmt" count="173"/>
        <line num="61" type="stmt" count="173"/>
        <line num="62" type="stmt" count="173"/>
        <line num="63" type="stmt" count="173"/>
        <line num="64" type="stmt" count="173"/>
        <line num="65" type="stmt" count="173"/>
        <line num="66" type="stmt" count="173"/>
        <line num="69" type="stmt" count="173"/>
        <line num="70" type="stmt" count="173"/>
        <line num="71" type="stmt" count="173"/>
        <line num="74" type="stmt" count="173"/>
        <line num="75" type="stmt" count="173"/>
        <line num="76" type="stmt" count="173"/>
        <line num="77" type="stmt" count="173"/>
        <line num="80" type="stmt" count="173"/>
        <line num="81" type="stmt" count="173"/>
        <line num="82" type="stmt" count="173"/>
        <line num="83" type="stmt" count="173"/>
        <line num="84" type="stmt" count="173"/>
        <line num="85" type="stmt" count="173"/>
        <line num="86" type="stmt" count="173"/>
        <line num="87" type="stmt" count="173"/>
        <line num="88" type="stmt" count="173"/>
        <line num="89" type="stmt" count="173"/>
        <line num="90" type="stmt" count="173"/>
        <line num="91" type="stmt" count="173"/>
        <line num="94" type="stmt" count="173"/>
        <line num="95" type="stmt" count="173"/>
        <line num="96" type="stmt" count="173"/>
        <line num="97" type="stmt" count="173"/>
        <line num="98" type="stmt" count="173"/>
        <line num="99" type="stmt" count="173"/>
        <line num="100" type="stmt" count="173"/>
        <line num="101" type="stmt" count="173"/>
        <line num="102" type="stmt" count="173"/>
        <line num="104" type="stmt" count="173"/>
        <line num="105" type="stmt" count="173"/>
        <line num="106" type="stmt" count="173"/>
        <line num="108" type="stmt" count="173"/>
        <line num="109" type="stmt" count="173"/>
        <line num="110" type="stmt" count="173"/>
        <line num="113" type="stmt" count="173"/>
        <line num="114" type="stmt" count="173"/>
        <line num="115" type="stmt" count="173"/>
        <line num="116" type="stmt" count="173"/>
        <line num="118" type="stmt" count="173"/>
        <line num="121" type="method" name="validateDate" visibility="protected" complexity="2" crap="2" count="142"/>
        <line num="123" type="stmt" count="142"/>
        <metrics loc="126" ncloc="114" classes="1" methods="2" coveredmethods="2" conditionals="0" coveredconditionals="0" statements="67" coveredstatements="67" elements="69" coveredelements="69"/>
      </file>
    </package>
    <package name="AbeTwoThree\LaravelTsPublish\Facades">
      <file name="/home/runner/work/laravel-ts-publish/laravel-ts-publish/src/Facades/LaravelTsPublish.php">
        <class name="AbeTwoThree\LaravelTsPublish\Facades\LaravelTsPublish" namespace="AbeTwoThree\LaravelTsPublish\Facades">
          <metrics complexity="1" methods="1" coveredmethods="1" conditionals="0" coveredconditionals="0" statements="1" coveredstatements="1" elements="2" coveredelements="2"/>
        </class>
        <line num="14" type="method" name="getFacadeAccessor" visibility="protected" complexity="1" crap="1" count="240"/>
        <line num="16" type="stmt" count="240"/>
        <metrics loc="19" ncloc="16" classes="1" methods="1" coveredmethods="1" conditionals="0" coveredconditionals="0" statements="1" coveredstatements="1" elements="2" coveredelements="2"/>
      </file>
    </package>
    <package name="AbeTwoThree\LaravelTsPublish\Generators">
      <file name="/home/runner/work/laravel-ts-publish/laravel-ts-publish/src/Generators/CoreGenerator.php">
        <class name="AbeTwoThree\LaravelTsPublish\Generators\CoreGenerator" namespace="AbeTwoThree\LaravelTsPublish\Generators">
          <metrics complexity="1" methods="1" coveredmethods="1" conditionals="0" coveredconditionals="0" statements="1" coveredstatements="1" elements="2" coveredelements="2"/>
        </class>
        <line num="17" type="method" name="__construct" visibility="public" complexity="1" crap="1" count="83"/>
        <line num="20" type="stmt" count="83"/>
        <metrics loc="27" ncloc="21" classes="1" methods="1" coveredmethods="1" conditionals="0" coveredconditionals="0" statements="1" coveredstatements="1" elements="2" coveredelements="2"/>
      </file>
      <file name="/home/runner/work/laravel-ts-publish/laravel-ts-publish/src/Generators/EnumGenerator.php">
        <class name="AbeTwoThree\LaravelTsPublish\Generators\EnumGenerator" namespace="AbeTwoThree\LaravelTsPublish\Generators">
          <metrics complexity="2" methods="2" coveredmethods="2" conditionals="0" coveredconditionals="0" statements="7" coveredstatements="7" elements="9" coveredelements="9"/>
        </class>
        <line num="20" type="method" name="generate" visibility="public" complexity="1" crap="1" count="69"/>
        <line num="24" type="stmt" count="69"/>
        <line num="25" type="stmt" count="69"/>
        <line num="26" type="stmt" count="69"/>
        <line num="27" type="stmt" count="69"/>
        <line num="30" type="stmt" count="69"/>
        <line num="32" type="stmt" count="69"/>
        <line num="35" type="method" name="filename" visibility="public" complexity="1" crap="1" count="59"/>
        <line num="38" type="stmt" count="59"/>
        <metrics loc="41" ncloc="36" classes="1" methods="2" coveredmethods="2" conditionals="0" coveredconditionals="0" statements="7" coveredstatements="7" elements="9" coveredelements="9"/>
      </file>
      <file name="/home/runner/work/laravel-ts-publish/laravel-ts-publish/src/Generators/ModelGenerator.php">
        <class name="AbeTwoThree\LaravelTsPublish\Generators\ModelGenerator" namespace="AbeTwoThree\LaravelTsPublish\Generators">
          <metrics complexity="2" methods="2" coveredmethods="2" conditionals="0" coveredconditionals="0" statements="7" coveredstatements="7" elements="9" coveredelements="9"/>
        </class>
        <line num="19" type="method" name="generate" visibility="public" complexity="1" crap="1" count="56"/>
        <line num="23" type="stmt" count="56"/>
        <line num="24" type="stmt" count="56"/>
        <line num="25" type="stmt" count="56"/>
        <line num="26" type="stmt" count="56"/>
        <line num="29" type="stmt" count="56"/>
        <line num="31" type="stmt" count="56"/>
        <line num="34" type="method" name="filename" visibility="public" complexity="1" crap="1" count="50"/>
        <line num="37" type="stmt" count="50"/>
        <metrics loc="40" ncloc="35" classes="1" methods="2" coveredmethods="2" conditionals="0" coveredconditionals="0" statements="7" coveredstatements="7" elements="9" coveredelements="9"/>
      </file>
    </package>
    <package name="AbeTwoThree\LaravelTsPublish\Listeners">
      <file name="/home/runner/work/laravel-ts-publish/laravel-ts-publish/src/Listeners/PostMigrateRunner.php">
        <class name="AbeTwoThree\LaravelTsPublish\Listeners\PostMigrateRunner" namespace="AbeTwoThree\LaravelTsPublish\Listeners">
          <metrics complexity="3" methods="2" coveredmethods="2" conditionals="0" coveredconditionals="0" statements="5" coveredstatements="5" elements="7" coveredelements="7"/>
        </class>
        <line num="15" type="method" name="__construct" visibility="public" complexity="1" crap="1" count="3"/>
        <line num="20" type="method" name="handle" visibility="public" complexity="2" crap="2" count="3"/>
        <line num="22" type="stmt" count="3"/>
        <line num="23" type="stmt" count="2"/>
        <line num="26" type="stmt" count="2"/>
        <line num="28" type="stmt" count="2"/>
        <metrics loc="31" ncloc="28" classes="1" methods="2" coveredmethods="2" conditionals="0" coveredconditionals="0" statements="5" coveredstatements="5" elements="7" coveredelements="7"/>
      </file>
    </package>
    <package name="AbeTwoThree\LaravelTsPublish\Runners">
      <file name="/home/runner/work/laravel-ts-publish/laravel-ts-publish/src/Runners/BaseRunner.php">
        <class name="AbeTwoThree\LaravelTsPublish\Runners\BaseRunner" namespace="AbeTwoThree\LaravelTsPublish\Runners">
          <metrics complexity="0" methods="0" coveredmethods="0" conditionals="0" coveredconditionals="0" statements="0" coveredstatements="0" elements="0" coveredelements="0"/>
        </class>
        <metrics loc="47" ncloc="43" classes="0" methods="0" coveredmethods="0" conditionals="0" coveredconditionals="0" statements="0" coveredstatements="0" elements="0" coveredelements="0"/>
      </file>
      <file name="/home/runner/work/laravel-ts-publish/laravel-ts-publish/src/Runners/Runner.php">
        <class name="AbeTwoThree\LaravelTsPublish\Runners\Runner" namespace="AbeTwoThree\LaravelTsPublish\Runners">
          <metrics complexity="12" methods="6" coveredmethods="6" conditionals="0" coveredconditionals="0" statements="56" coveredstatements="56" elements="62" coveredelements="62"/>
        </class>
        <line num="19" type="method" name="run" visibility="public" complexity="1" crap="1" count="58"/>
        <line num="22" type="stmt" count="58"/>
        <line num="23" type="stmt" count="58"/>
        <line num="25" type="stmt" count="58"/>
        <line num="26" type="stmt" count="58"/>
        <line num="28" type="stmt" count="58"/>
        <line num="29" type="stmt" count="58"/>
        <line num="30" type="stmt" count="58"/>
        <line num="33" type="method" name="generateEnums" visibility="protected" complexity="4" crap="4" count="58"/>
        <line num="35" type="stmt" count="58"/>
        <line num="37" type="stmt" count="7"/>
        <line num="38" type="stmt" count="7"/>
        <line num="40" type="stmt" count="7"/>
        <line num="44" type="stmt" count="51"/>
        <line num="47" type="stmt" count="51"/>
        <line num="49" type="stmt" count="51"/>
        <line num="51" type="stmt" count="51"/>
        <line num="52" type="stmt" count="51"/>
        <line num="53" type="stmt" count="51"/>
        <line num="54" type="stmt" count="51"/>
        <line num="56" type="stmt" count="51"/>
        <line num="59" type="stmt" count="51"/>
        <line num="61" type="stmt" count="51"/>
        <line num="62" type="stmt" count="6"/>
        <line num="63" type="stmt" count="6"/>
        <line num="65" type="stmt" count="45"/>
        <line num="66" type="stmt" count="45"/>
        <line num="67" type="stmt" count="45"/>
        <line num="68" type="stmt" count="45"/>
        <line num="69" type="stmt" count="45"/>
        <line num="73" type="method" name="generateModels" visibility="protected" complexity="4" crap="4" count="58"/>
        <line num="75" type="stmt" count="58"/>
        <line num="77" type="stmt" count="10"/>
        <line num="78" type="stmt" count="10"/>
        <line num="80" type="stmt" count="10"/>
        <line num="84" type="stmt" count="48"/>
        <line num="87" type="stmt" count="48"/>
        <line num="89" type="stmt" count="48"/>
        <line num="91" type="stmt" count="48"/>
        <line num="92" type="stmt" count="48"/>
        <line num="93" type="stmt" count="48"/>
        <line num="94" type="stmt" count="48"/>
        <line num="96" type="stmt" count="48"/>
        <line num="99" type="stmt" count="48"/>
        <line num="101" type="stmt" count="48"/>
        <line num="102" type="stmt" count="6"/>
        <line num="103" type="stmt" count="6"/>
        <line num="105" type="stmt" count="42"/>
        <line num="106" type="stmt" count="42"/>
        <line num="107" type="stmt" count="42"/>
        <line num="108" type="stmt" count="42"/>
        <line num="109" type="stmt" count="42"/>
        <line num="113" type="method" name="generateGlobals" visibility="protected" complexity="1" crap="1" count="58"/>
        <line num="116" type="stmt" count="58"/>
        <line num="117" type="stmt" count="58"/>
        <line num="119" type="stmt" count="58"/>
        <line num="122" type="method" name="generateJson" visibility="protected" complexity="1" crap="1" count="58"/>
        <line num="125" type="stmt" count="58"/>
        <line num="127" type="stmt" count="58"/>
        <line num="130" type="method" name="generateWatcherJson" visibility="protected" complexity="1" crap="1" count="58"/>
        <line num="133" type="stmt" count="58"/>
        <line num="135" type="stmt" count="58"/>
        <metrics loc="138" ncloc="126" classes="1" methods="6" coveredmethods="6" conditionals="0" coveredconditionals="0" statements="56" coveredstatements="56" elements="62" coveredelements="62"/>
      </file>
      <file name="/home/runner/work/laravel-ts-publish/laravel-ts-publish/src/Runners/RunnerForSource.php">
        <class name="AbeTwoThree\LaravelTsPublish\Runners\RunnerForSource" namespace="AbeTwoThree\LaravelTsPublish\Runners">
          <metrics complexity="13" methods="5" coveredmethods="5" conditionals="0" coveredconditionals="0" statements="33" coveredstatements="33" elements="38" coveredelements="38"/>
        </class>
        <line num="17" type="method" name="__construct" visibility="public" complexity="1" crap="1" count="19"/>
        <line num="21" type="stmt" count="19"/>
        <line num="22" type="stmt" count="19"/>
        <line num="25" type="stmt" count="19"/>
        <line num="26" type="stmt" count="19"/>
        <line num="29" type="method" name="run" visibility="public" complexity="7" crap="7" count="18"/>
        <line num="31" type="stmt" count="18"/>
        <line num="33" type="stmt" count="17"/>
        <line num="34" type="stmt" count="2"/>
        <line num="37" type="stmt" count="15"/>
        <line num="39" type="stmt" count="15"/>
        <line num="40" type="stmt" count="9"/>
        <line num="41" type="stmt" count="1"/>
        <line num="43" type="stmt" count="8"/>
        <line num="44" type="stmt" count="6"/>
        <line num="45" type="stmt" count="5"/>
        <line num="46" type="stmt" count="1"/>
        <line num="48" type="stmt" count="4"/>
        <line num="50" type="stmt" count="1"/>
        <line num="54" type="method" name="resolveSourceToFqcn" visibility="protected" complexity="3" crap="3" count="18"/>
        <line num="56" type="stmt" count="18"/>
        <line num="57" type="stmt" count="4"/>
        <line num="59" type="stmt" count="4"/>
        <line num="60" type="stmt" count="1"/>
        <line num="63" type="stmt" count="3"/>
        <line num="66" type="stmt" count="14"/>
        <line num="69" type="method" name="generateEnum" visibility="protected" complexity="1" crap="1" count="8"/>
        <line num="72" type="stmt" count="8"/>
        <line num="73" type="stmt" count="8"/>
        <line num="74" type="stmt" count="8"/>
        <line num="75" type="stmt" count="8"/>
        <line num="77" type="stmt" count="8"/>
        <line num="80" type="method" name="generateModel" visibility="protected" complexity="1" crap="1" count="4"/>
        <line num="83" type="stmt" count="4"/>
        <line num="84" type="stmt" count="4"/>
        <line num="85" type="stmt" count="4"/>
        <line num="86" type="stmt" count="4"/>
        <line num="88" type="stmt" count="4"/>
        <metrics loc="91" ncloc="87" classes="1" methods="5" coveredmethods="5" conditionals="0" coveredconditionals="0" statements="33" coveredstatements="33" elements="38" coveredelements="38"/>
      </file>
    </package>
    <package name="AbeTwoThree\LaravelTsPublish\Transformers">
      <file name="/home/runner/work/laravel-ts-publish/laravel-ts-publish/src/Transformers/CoreTransformer.php">
        <class name="AbeTwoThree\LaravelTsPublish\Transformers\CoreTransformer" namespace="AbeTwoThree\LaravelTsPublish\Transformers">
          <metrics complexity="4" methods="2" coveredmethods="2" conditionals="0" coveredconditionals="0" statements="7" coveredstatements="7" elements="9" coveredelements="9"/>
        </class>
        <line num="18" type="method" name="__construct" visibility="public" complexity="1" crap="1" count="233"/>
        <line num="21" type="stmt" count="233"/>
        <line num="35" type="method" name="resolveRelativePath" visibility="protected" complexity="3" crap="3" count="233"/>
        <line num="37" type="stmt" count="233"/>
        <line num="39" type="stmt" count="233"/>
        <line num="40" type="stmt" count="233"/>
        <line num="44" type="stmt" count="50"/>
        <line num="45" type="stmt" count="49"/>
        <line num="48" type="stmt" count="1"/>
        <metrics loc="51" ncloc="39" classes="1" methods="2" coveredmethods="2" conditionals="0" coveredconditionals="0" statements="7" coveredstatements="7" elements="9" coveredelements="9"/>
      </file>
      <file name="/home/runner/work/laravel-ts-publish/laravel-ts-publish/src/Transformers/EnumInstanceTransformer.php">
        <class name="AbeTwoThree\LaravelTsPublish\Transformers\EnumInstanceTransformer" namespace="AbeTwoThree\LaravelTsPublish\Transformers">
          <metrics complexity="6" methods="5" coveredmethods="5" conditionals="0" coveredconditionals="0" statements="21" coveredstatements="21" elements="26" coveredelements="26"/>
        </class>
        <line num="20" type="method" name="__construct" visibility="public" complexity="2" crap="2" count="15"/>
        <line num="24" type="stmt" count="15"/>
        <line num="28" type="method" name="data" visibility="public" complexity="1" crap="1" count="15"/>
        <line num="30" type="stmt" count="15"/>
        <line num="32" type="stmt" count="15"/>
        <line num="33" type="stmt" count="15"/>
        <line num="34" type="stmt" count="15"/>
        <line num="35" type="stmt" count="15"/>
        <line num="36" type="stmt" count="15"/>
        <line num="37" type="stmt" count="15"/>
        <line num="38" type="stmt" count="15"/>
        <line num="46" type="method" name="matchingCase" visibility="protected" complexity="1" crap="1" count="15"/>
        <line num="48" type="stmt" count="15"/>
        <line num="51" type="stmt" count="15"/>
        <line num="55" type="method" name="resolvedMethods" visibility="protected" complexity="1" crap="1" count="15"/>
        <line num="57" type="stmt" count="15"/>
        <line num="58" type="stmt" count="15"/>
        <line num="59" type="stmt" count="15"/>
        <line num="60" type="stmt" count="15"/>
        <line num="61" type="stmt" count="15"/>
        <line num="65" type="method" name="resolvedStaticMethods" visibility="protected" complexity="1" crap="1" count="15"/>
        <line num="67" type="stmt" count="15"/>
        <line num="68" type="stmt" count="15"/>
        <line num="69" type="stmt" count="15"/>
        <line num="70" type="stmt" count="15"/>
        <line num="71" type="stmt" count="15"/>
        <metrics loc="74" ncloc="58" classes="1" methods="5" coveredmethods="5" conditionals="0" coveredconditionals="0" statements="21" coveredstatements="21" elements="26" coveredelements="26"/>
      </file>
      <file name="/home/runner/work/laravel-ts-publish/laravel-ts-publish/src/Transformers/EnumTransformer.php">
        <class name="AbeTwoThree\LaravelTsPublish\Transformers\EnumTransformer" namespace="AbeTwoThree\LaravelTsPublish\Transformers">
          <metrics complexity="50" methods="9" coveredmethods="9" conditionals="0" coveredconditionals="0" statements="139" coveredstatements="139" elements="148" coveredelements="148"/>
        </class>
        <line num="67" type="method" name="transform" visibility="public" complexity="1" crap="1" count="135"/>
        <line num="70" type="stmt" count="135"/>
        <line num="71" type="stmt" count="135"/>
        <line num="72" type="stmt" count="135"/>
        <line num="73" type="stmt" count="135"/>
        <line num="74" type="stmt" count="135"/>
        <line num="75" type="stmt" count="135"/>
        <line num="77" type="stmt" count="135"/>
        <line num="83" type="method" name="data" visibility="public" complexity="1" crap="1" count="129"/>
        <line num="86" type="stmt" count="129"/>
        <line num="87" type="stmt" count="129"/>
        <line num="88" type="stmt" count="129"/>
        <line num="89" type="stmt" count="129"/>
        <line num="90" type="stmt" count="129"/>
        <line num="91" type="stmt" count="129"/>
        <line num="92" type="stmt" count="129"/>
        <line num="93" type="stmt" count="129"/>
        <line num="94" type="stmt" count="129"/>
        <line num="95" type="stmt" count="129"/>
        <line num="96" type="stmt" count="129"/>
        <line num="97" type="stmt" count="129"/>
        <line num="100" type="method" name="filename" visibility="public" complexity="1" crap="1" count="131"/>
        <line num="103" type="stmt" count="131"/>
        <line num="106" type="method" name="initInstance" visibility="protected" complexity="3" crap="3" count="135"/>
        <line num="108" type="stmt" count="135"/>
        <line num="109" type="stmt" count="135"/>
        <line num="111" type="stmt" count="135"/>
        <line num="113" type="stmt" count="135"/>
        <line num="114" type="stmt" count="57"/>
        <line num="115" type="stmt" count="57"/>
        <line num="116" type="stmt" count="57"/>
        <line num="117" type="stmt" count="54"/>
        <line num="118" type="stmt" count="54"/>
        <line num="120" type="stmt" count="130"/>
        <line num="121" type="stmt" count="130"/>
        <line num="124" type="stmt" count="135"/>
        <line num="125" type="stmt" count="135"/>
        <line num="127" type="stmt" count="135"/>
        <line num="130" type="method" name="parseTsTypeOverrides" visibility="protected" complexity="9" crap="9" count="135"/>
        <line num="132" type="stmt" count="135"/>
        <line num="133" type="stmt" count="135"/>
        <line num="134" type="stmt" count="135"/>
        <line num="136" type="stmt" count="135"/>
        <line num="137" type="stmt" count="1"/>
        <line num="140" type="stmt" count="135"/>
        <line num="141" type="stmt" count="135"/>
        <line num="143" type="stmt" count="135"/>
        <line num="145" type="stmt" count="59"/>
        <line num="147" type="stmt" count="59"/>
        <line num="149" type="stmt" count="59"/>
        <line num="150" type="stmt" count="59"/>
        <line num="153" type="stmt" count="59"/>
        <line num="154" type="stmt" count="59"/>
        <line num="157" type="stmt" count="59"/>
        <line num="158" type="stmt" count="59"/>
        <line num="161" type="stmt" count="59"/>
        <line num="166" type="stmt" count="135"/>
        <line num="169" type="method" name="transformCases" visibility="protected" complexity="5" crap="5" count="135"/>
        <line num="171" type="stmt" count="135"/>
        <line num="172" type="stmt" count="135"/>
        <line num="173" type="stmt" count="135"/>
        <line num="175" type="stmt" count="135"/>
        <line num="177" type="stmt" count="135"/>
        <line num="179" type="stmt" count="135"/>
        <line num="181" type="stmt" count="135"/>
        <line num="182" type="stmt" count="135"/>
        <line num="184" type="stmt" count="135"/>
        <line num="185" type="stmt" count="135"/>
        <line num="189" type="stmt" count="135"/>
        <line num="190" type="stmt" count="135"/>
        <line num="191" type="stmt" count="135"/>
        <line num="192" type="stmt" count="135"/>
        <line num="193" type="stmt" count="135"/>
        <line num="196" type="stmt" count="135"/>
        <line num="199" type="method" name="transformMethods" visibility="protected" complexity="13" crap="13" count="135"/>
        <line num="201" type="stmt" count="135"/>
        <line num="202" type="stmt" count="135"/>
        <line num="204" type="stmt" count="135"/>
        <line num="205" type="stmt" count="135"/>
        <line num="207" type="stmt" count="135"/>
        <line num="209" type="stmt" count="135"/>
        <line num="210" type="stmt" count="135"/>
        <line num="211" type="stmt" count="4"/>
        <line num="212" type="stmt" count="4"/>
        <line num="213" type="stmt" count="135"/>
        <line num="215" type="stmt" count="135"/>
        <line num="220" type="stmt" count="116"/>
        <line num="222" type="stmt" count="116"/>
        <line num="223" type="stmt" count="116"/>
        <line num="225" type="stmt" count="116"/>
        <line num="226" type="stmt" count="65"/>
        <line num="229" type="stmt" count="116"/>
        <line num="231" type="stmt" count="116"/>
        <line num="232" type="stmt" count="93"/>
        <line num="236" type="stmt" count="116"/>
        <line num="237" type="stmt" count="116"/>
        <line num="239" type="stmt" count="116"/>
        <line num="240" type="stmt" count="116"/>
        <line num="241" type="stmt" count="54"/>
        <line num="242" type="stmt" count="54"/>
        <line num="246" type="stmt" count="116"/>
        <line num="247" type="stmt" count="116"/>
        <line num="248" type="stmt" count="116"/>
        <line num="249" type="stmt" count="116"/>
        <line num="250" type="stmt" count="116"/>
        <line num="253" type="stmt" count="135"/>
        <line num="256" type="method" name="transformStaticMethods" visibility="protected" complexity="14" crap="14" count="135"/>
        <line num="258" type="stmt" count="135"/>
        <line num="259" type="stmt" count="135"/>
        <line num="261" type="stmt" count="135"/>
        <line num="262" type="stmt" count="135"/>
        <line num="264" type="stmt" count="135"/>
        <line num="266" type="stmt" count="135"/>
        <line num="267" type="stmt" count="135"/>
        <line num="268" type="stmt" count="5"/>
        <line num="269" type="stmt" count="5"/>
        <line num="270" type="stmt" count="5"/>
        <line num="271" type="stmt" count="135"/>
        <line num="273" type="stmt" count="135"/>
        <line num="278" type="stmt" count="111"/>
        <line num="280" type="stmt" count="111"/>
        <line num="281" type="stmt" count="111"/>
        <line num="283" type="stmt" count="111"/>
        <line num="284" type="stmt" count="65"/>
        <line num="287" type="stmt" count="111"/>
        <line num="289" type="stmt" count="111"/>
        <line num="290" type="stmt" count="94"/>
        <line num="294" type="stmt" count="111"/>
        <line num="296" type="stmt" count="111"/>
        <line num="297" type="stmt" count="111"/>
        <line num="298" type="stmt" count="111"/>
        <line num="299" type="stmt" count="111"/>
        <line num="301" type="stmt" count="54"/>
        <line num="305" type="stmt" count="111"/>
        <line num="306" type="stmt" count="111"/>
        <line num="307" type="stmt" count="111"/>
        <line num="308" type="stmt" count="111"/>
        <line num="309" type="stmt" count="111"/>
        <line num="312" type="stmt" count="135"/>
        <line num="315" type="method" name="transformCaseKindsAndTypes" visibility="protected" complexity="3" crap="3" count="135"/>
        <line num="317" type="stmt" count="135"/>
        <line num="318" type="stmt" count="126"/>
        <line num="321" type="stmt" count="135"/>
        <line num="322" type="stmt" count="135"/>
        <line num="323" type="stmt" count="87"/>
        <line num="326" type="stmt" count="103"/>
        <line num="327" type="stmt" count="135"/>
        <line num="329" type="stmt" count="135"/>
        <metrics loc="332" ncloc="304" classes="1" methods="9" coveredmethods="9" conditionals="0" coveredconditionals="0" statements="139" coveredstatements="139" elements="148" coveredelements="148"/>
      </file>
      <file name="/home/runner/work/laravel-ts-publish/laravel-ts-publish/src/Transformers/ModelTransformer.php">
        <class name="AbeTwoThree\LaravelTsPublish\Transformers\ModelTransformer" namespace="AbeTwoThree\LaravelTsPublish\Transformers">
          <metrics complexity="113" methods="20" coveredmethods="20" conditionals="0" coveredconditionals="0" statements="326" coveredstatements="326" elements="346" coveredelements="346"/>
        </class>
        <line num="114" type="method" name="transform" visibility="public" complexity="1" crap="1" count="140"/>
        <line num="117" type="stmt" count="140"/>
        <line num="118" type="stmt" count="140"/>
        <line num="119" type="stmt" count="140"/>
        <line num="120" type="stmt" count="140"/>
        <line num="121" type="stmt" count="140"/>
        <line num="122" type="stmt" count="140"/>
        <line num="124" type="stmt" count="140"/>
        <line num="130" type="method" name="data" visibility="public" complexity="3" crap="3" count="131"/>
        <line num="133" type="stmt" count="131"/>
        <line num="134" type="stmt" count="131"/>
        <line num="136" type="stmt" count="131"/>
        <line num="137" type="stmt" count="131"/>
        <line num="138" type="stmt" count="131"/>
        <line num="139" type="stmt" count="131"/>
        <line num="140" type="stmt" count="131"/>
        <line num="141" type="stmt" count="131"/>
        <line num="142" type="stmt" count="131"/>
        <line num="143" type="stmt" count="131"/>
        <line num="144" type="stmt" count="131"/>
        <line num="145" type="stmt" count="131"/>
        <line num="146" type="stmt" count="131"/>
        <line num="147" type="stmt" count="131"/>
        <line num="148" type="stmt" count="131"/>
        <line num="151" type="method" name="filename" visibility="public" complexity="1" crap="1" count="132"/>
        <line num="154" type="stmt" count="132"/>
        <line num="157" type="method" name="initInstance" visibility="protected" complexity="1" crap="1" count="140"/>
        <line num="160" type="stmt" count="140"/>
        <line num="161" type="stmt" count="140"/>
        <line num="162" type="stmt" count="140"/>
        <line num="163" type="stmt" count="140"/>
        <line num="164" type="stmt" count="140"/>
        <line num="165" type="stmt" count="140"/>
        <line num="166" type="stmt" count="140"/>
        <line num="167" type="stmt" count="140"/>
        <line num="168" type="stmt" count="140"/>
        <line num="170" type="stmt" count="140"/>
        <line num="173" type="method" name="parseTsTypeOverrides" visibility="protected" complexity="9" crap="9" count="140"/>
        <line num="175" type="stmt" count="140"/>
        <line num="176" type="stmt" count="140"/>
        <line num="177" type="stmt" count="140"/>
        <line num="180" type="stmt" count="140"/>
        <line num="181" type="stmt" count="57"/>
        <line num="182" type="stmt" count="57"/>
        <line num="186" type="stmt" count="140"/>
        <line num="187" type="stmt" count="140"/>
        <line num="188" type="stmt" count="52"/>
        <line num="189" type="stmt" count="52"/>
        <line num="194" type="stmt" count="140"/>
        <line num="195" type="stmt" count="140"/>
        <line num="196" type="stmt" count="112"/>
        <line num="197" type="stmt" count="112"/>
        <line num="202" type="stmt" count="140"/>
        <line num="204" type="stmt" count="140"/>
        <line num="205" type="stmt" count="121"/>
        <line num="207" type="stmt" count="52"/>
        <line num="209" type="stmt" count="52"/>
        <line num="210" type="stmt" count="52"/>
        <line num="213" type="stmt" count="121"/>
        <line num="217" type="stmt" count="140"/>
        <line num="220" type="method" name="transformColumns" visibility="protected" complexity="12" crap="12" count="140"/>
        <line num="223" type="stmt" count="140"/>
        <line num="225" type="stmt" count="140"/>
        <line num="227" type="stmt" count="140"/>
        <line num="228" type="stmt" count="140"/>
        <line num="231" type="stmt" count="140"/>
        <line num="232" type="stmt" count="120"/>
        <line num="234" type="stmt" count="120"/>
        <line num="237" type="stmt" count="140"/>
        <line num="242" type="stmt" count="140"/>
        <line num="243" type="stmt" count="93"/>
        <line num="244" type="stmt" count="93"/>
        <line num="245" type="stmt" count="87"/>
        <line num="246" type="stmt" count="54"/>
        <line num="248" type="stmt" count="140"/>
        <line num="251" type="stmt" count="140"/>
        <line num="253" type="stmt" count="140"/>
        <line num="254" type="stmt" count="140"/>
        <line num="257" type="stmt" count="140"/>
        <line num="259" type="stmt" count="140"/>
        <line num="260" type="stmt" count="126"/>
        <line num="261" type="stmt" count="126"/>
        <line num="262" type="stmt" count="126"/>
        <line num="265" type="stmt" count="140"/>
        <line num="266" type="stmt" count="126"/>
        <line num="267" type="stmt" count="126"/>
        <line num="268" type="stmt" count="126"/>
        <line num="269" type="stmt" count="126"/>
        <line num="272" type="stmt" count="140"/>
        <line num="273" type="stmt" count="54"/>
        <line num="274" type="stmt" count="54"/>
        <line num="277" type="stmt" count="140"/>
        <line num="278" type="stmt" count="52"/>
        <line num="282" type="stmt" count="140"/>
        <line num="285" type="method" name="transformMutators" visibility="protected" complexity="7" crap="7" count="140"/>
        <line num="288" type="stmt" count="140"/>
        <line num="290" type="stmt" count="140"/>
        <line num="292" type="stmt" count="140"/>
        <line num="293" type="stmt" count="127"/>
        <line num="296" type="stmt" count="127"/>
        <line num="297" type="stmt" count="53"/>
        <line num="299" type="stmt" count="53"/>
        <line num="302" type="stmt" count="126"/>
        <line num="303" type="stmt" count="126"/>
        <line num="305" type="stmt" count="126"/>
        <line num="306" type="stmt" count="54"/>
        <line num="307" type="stmt" count="54"/>
        <line num="308" type="stmt" count="54"/>
        <line num="311" type="stmt" count="126"/>
        <line num="312" type="stmt" count="54"/>
        <line num="313" type="stmt" count="54"/>
        <line num="314" type="stmt" count="54"/>
        <line num="315" type="stmt" count="54"/>
        <line num="318" type="stmt" count="126"/>
        <line num="319" type="stmt" count="54"/>
        <line num="320" type="stmt" count="54"/>
        <line num="323" type="stmt" count="126"/>
        <line num="324" type="stmt" count="54"/>
        <line num="328" type="stmt" count="140"/>
        <line num="331" type="method" name="transformRelations" visibility="protected" complexity="4" crap="4" count="140"/>
        <line num="334" type="stmt" count="140"/>
        <line num="337" type="stmt" count="140"/>
        <line num="340" type="stmt" count="140"/>
        <line num="342" type="stmt" count="140"/>
        <line num="344" type="stmt" count="140"/>
        <line num="345" type="stmt" count="140"/>
        <line num="346" type="stmt" count="140"/>
        <line num="347" type="stmt" count="140"/>
        <line num="348" type="stmt" count="140"/>
        <line num="349" type="stmt" count="140"/>
        <line num="350" type="stmt" count="140"/>
        <line num="351" type="stmt" count="140"/>
        <line num="352" type="stmt" count="140"/>
        <line num="354" type="stmt" count="140"/>
        <line num="355" type="stmt" count="139"/>
        <line num="357" type="stmt" count="139"/>
        <line num="358" type="stmt" count="117"/>
        <line num="359" type="stmt" count="135"/>
        <line num="361" type="stmt" count="139"/>
        <line num="363" type="stmt" count="139"/>
        <line num="364" type="stmt" count="139"/>
        <line num="365" type="stmt" count="139"/>
        <line num="366" type="stmt" count="139"/>
        <line num="367" type="stmt" count="139"/>
        <line num="370" type="stmt" count="139"/>
        <line num="371" type="stmt" count="139"/>
        <line num="372" type="stmt" count="139"/>
        <line num="375" type="stmt" count="140"/>
        <line num="379" type="method" name="resolveMutatorType" visibility="protected" complexity="5" crap="5" count="126"/>
        <line num="381" type="stmt" count="126"/>
        <line num="382" type="stmt" count="126"/>
        <line num="383" type="stmt" count="126"/>
        <line num="387" type="stmt" count="126"/>
        <line num="388" type="stmt" count="126"/>
        <line num="389" type="stmt" count="126"/>
        <line num="391" type="stmt" count="126"/>
        <line num="393" type="stmt" count="126"/>
        <line num="394" type="stmt" count="126"/>
        <line num="396" type="stmt" count="126"/>
        <line num="398" type="stmt" count="126"/>
        <line num="402" type="stmt" count="58"/>
        <line num="407" type="stmt" count="53"/>
        <line num="408" type="stmt" count="52"/>
        <line num="411" type="stmt" count="1"/>
        <line num="414" type="method" name="resolveAccessorDescription" visibility="protected" complexity="4" crap="4" count="140"/>
        <line num="416" type="stmt" count="140"/>
        <line num="417" type="stmt" count="140"/>
        <line num="419" type="stmt" count="140"/>
        <line num="420" type="stmt" count="126"/>
        <line num="421" type="stmt" count="126"/>
        <line num="422" type="stmt" count="126"/>
        <line num="424" type="stmt" count="126"/>
        <line num="425" type="stmt" count="126"/>
        <line num="429" type="stmt" count="140"/>
        <line num="430" type="stmt" count="52"/>
        <line num="431" type="stmt" count="52"/>
        <line num="432" type="stmt" count="52"/>
        <line num="435" type="stmt" count="140"/>
        <line num="445" type="method" name="resolveImportConflicts" visibility="protected" complexity="13" crap="13" count="140"/>
        <line num="449" type="stmt" count="140"/>
        <line num="451" type="stmt" count="140"/>
        <line num="452" type="stmt" count="126"/>
        <line num="455" type="stmt" count="140"/>
        <line num="456" type="stmt" count="139"/>
        <line num="457" type="stmt" count="49"/>
        <line num="459" type="stmt" count="139"/>
        <line num="462" type="stmt" count="140"/>
        <line num="463" type="stmt" count="139"/>
        <line num="465" type="stmt" count="139"/>
        <line num="466" type="stmt" count="131"/>
        <line num="469" type="stmt" count="62"/>
        <line num="470" type="stmt" count="62"/>
        <line num="471" type="stmt" count="62"/>
        <line num="472" type="stmt" count="62"/>
        <line num="473" type="stmt" count="62"/>
        <line num="475" type="stmt" count="62"/>
        <line num="476" type="stmt" count="62"/>
        <line num="478" type="stmt" count="62"/>
        <line num="479" type="stmt" count="62"/>
        <line num="481" type="stmt" count="54"/>
        <line num="484" type="stmt" count="62"/>
        <line num="485" type="stmt" count="62"/>
[...]
        <line num="623" type="stmt" count="10"/>
        <line num="624" type="stmt" count="10"/>
        <line num="625" type="stmt" count="10"/>
        <line num="626" type="stmt" count="10"/>
        <line num="630" type="stmt" count="10"/>
        <line num="631" type="stmt" count="10"/>
        <line num="632" type="stmt" count="6"/>
        <line num="634" type="stmt" count="10"/>
        <line num="635" type="stmt" count="10"/>
        <line num="636" type="stmt" count="10"/>
        <line num="639" type="stmt" count="121"/>
        <line num="640" type="stmt" count="121"/>
        <line num="641" type="stmt" count="107"/>
        <line num="643" type="stmt" count="121"/>
        <line num="645" type="stmt" count="121"/>
        <line num="646" type="stmt" count="107"/>
        <line num="647" type="stmt" count="107"/>
        <line num="650" type="stmt" count="121"/>
        <line num="651" type="stmt" count="103"/>
        <line num="652" type="stmt" count="103"/>
        <line num="653" type="stmt" count="103"/>
        <line num="655" type="stmt" count="103"/>
        <line num="657" type="stmt" count="103"/>
        <line num="658" type="stmt" count="103"/>
        <line num="659" type="stmt" count="103"/>
        <line num="663" type="stmt" count="121"/>
        <line num="664" type="stmt" count="121"/>
        <line num="665" type="stmt" count="120"/>
        <line num="666" type="stmt" count="43"/>
        <line num="668" type="stmt" count="120"/>
        <line num="670" type="stmt" count="121"/>
        <line num="672" type="stmt" count="121"/>
        <line num="673" type="stmt" count="120"/>
        <line num="674" type="stmt" count="120"/>
        <line num="679" type="stmt" count="131"/>
        <line num="680" type="stmt" count="61"/>
        <line num="681" type="stmt" count="61"/>
        <line num="685" type="stmt" count="131"/>
        <line num="686" type="stmt" count="130"/>
        <line num="687" type="stmt" count="130"/>
        <line num="688" type="stmt" count="130"/>
        <line num="691" type="stmt" count="131"/>
        <line num="692" type="stmt" count="113"/>
        <line num="693" type="stmt" count="113"/>
        <line num="694" type="stmt" count="113"/>
        <line num="697" type="stmt" count="131"/>
        <line num="698" type="stmt" count="131"/>
        <line num="699" type="stmt" count="131"/>
        <line num="700" type="stmt" count="131"/>
        <line num="706" type="method" name="formatImportName" visibility="protected" complexity="3" crap="3" count="130"/>
        <line num="708" type="stmt" count="130"/>
        <line num="710" type="stmt" count="130"/>
        <line num="711" type="stmt" count="61"/>
        <line num="714" type="stmt" count="123"/>
        <line num="717" type="method" name="shouldGenerateHasEnums" visibility="protected" complexity="3" crap="3" count="131"/>
        <line num="719" type="stmt" count="131"/>
        <line num="720" type="stmt" count="131"/>
        <line num="724" type="method" name="enumPropertyFqcns" visibility="protected" complexity="1" crap="1" count="113"/>
        <line num="726" type="stmt" count="113"/>
        <line num="727" type="stmt" count="113"/>
        <line num="728" type="stmt" count="113"/>
        <line num="729" type="stmt" count="113"/>
        <line num="732" type="method" name="formatConstImportName" visibility="protected" complexity="3" crap="3" count="113"/>
        <line num="734" type="stmt" count="113"/>
        <line num="735" type="stmt" count="113"/>
        <line num="737" type="stmt" count="113"/>
        <line num="738" type="stmt" count="61"/>
        <line num="741" type="stmt" count="100"/>
        <line num="747" type="method" name="buildEnumColumns" visibility="protected" complexity="2" crap="2" count="113"/>
        <line num="749" type="stmt" count="113"/>
        <line num="751" type="stmt" count="113"/>
        <line num="752" type="stmt" count="113"/>
        <line num="753" type="stmt" count="113"/>
        <line num="754" type="stmt" count="113"/>
        <line num="755" type="stmt" count="113"/>
        <line num="758" type="stmt" count="113"/>
        <line num="764" type="method" name="buildEnumMutators" visibility="protected" complexity="2" crap="2" count="113"/>
        <line num="766" type="stmt" count="113"/>
        <line num="768" type="stmt" count="113"/>
        <line num="769" type="stmt" count="54"/>
        <line num="770" type="stmt" count="54"/>
        <line num="771" type="stmt" count="54"/>
        <line num="772" type="stmt" count="54"/>
        <line num="775" type="stmt" count="113"/>
        <metrics loc="778" ncloc="661" classes="1" methods="20" coveredmethods="20" conditionals="0" coveredconditionals="0" statements="326" coveredstatements="326" elements="346" coveredelements="346"/>
      </file>
    </package>
    <package name="AbeTwoThree\LaravelTsPublish\Writers">
      <file name="/home/runner/work/laravel-ts-publish/laravel-ts-publish/src/Writers/BarrelWriter.php">
        <class name="AbeTwoThree\LaravelTsPublish\Writers\BarrelWriter" namespace="AbeTwoThree\LaravelTsPublish\Writers">
          <metrics complexity="7" methods="3" coveredmethods="3" conditionals="0" coveredconditionals="0" statements="31" coveredstatements="31" elements="34" coveredelements="34"/>
        </class>
        <line num="18" type="method" name="__construct" visibility="public" complexity="1" crap="1" count="63"/>
        <line num="20" type="stmt" count="63"/>
        <line num="27" type="method" name="write" visibility="public" complexity="2" crap="2" count="56"/>
        <line num="29" type="stmt" count="56"/>
        <line num="30" type="stmt" count="56"/>
        <line num="31" type="stmt" count="56"/>
        <line num="32" type="stmt" count="56"/>
        <line num="33" type="stmt" count="56"/>
        <line num="34" type="stmt" count="56"/>
        <line num="36" type="stmt" count="56"/>
        <line num="37" type="stmt" count="12"/>
        <line num="38" type="stmt" count="12"/>
        <line num="39" type="stmt" count="12"/>
        <line num="42" type="stmt" count="56"/>
        <line num="54" type="method" name="writeModular" visibility="public" complexity="4" crap="4" count="6"/>
        <line num="57" type="stmt" count="6"/>
        <line num="59" type="stmt" count="6"/>
        <line num="60" type="stmt" count="6"/>
        <line num="61" type="stmt" count="6"/>
        <line num="62" type="stmt" count="6"/>
        <line num="66" type="stmt" count="6"/>
        <line num="68" type="stmt" count="6"/>
        <line num="69" type="stmt" count="6"/>
        <line num="70" type="stmt" count="6"/>
        <line num="71" type="stmt" count="6"/>
        <line num="72" type="stmt" count="6"/>
        <line num="73" type="stmt" count="6"/>
        <line num="75" type="stmt" count="6"/>
        <line num="76" type="stmt" count="1"/>
        <line num="77" type="stmt" count="1"/>
        <line num="78" type="stmt" count="1"/>
        <line num="81" type="stmt" count="6"/>
        <line num="84" type="stmt" count="6"/>
        <line num="86" type="stmt" count="6"/>
        <metrics loc="89" ncloc="70" classes="1" methods="3" coveredmethods="3" conditionals="0" coveredconditionals="0" statements="31" coveredstatements="31" elements="34" coveredelements="34"/>
      </file>
      <file name="/home/runner/work/laravel-ts-publish/laravel-ts-publish/src/Writers/CoreWriter.php">
        <class name="AbeTwoThree\LaravelTsPublish\Writers\CoreWriter" namespace="AbeTwoThree\LaravelTsPublish\Writers">
          <metrics complexity="1" methods="1" coveredmethods="1" conditionals="0" coveredconditionals="0" statements="1" coveredstatements="1" elements="2" coveredelements="2"/>
        </class>
        <line num="15" type="method" name="__construct" visibility="public" complexity="1" crap="1" count="106"/>
        <line num="17" type="stmt" count="106"/>
        <metrics loc="24" ncloc="18" classes="1" methods="1" coveredmethods="1" conditionals="0" coveredconditionals="0" statements="1" coveredstatements="1" elements="2" coveredelements="2"/>
      </file>
      <file name="/home/runner/work/laravel-ts-publish/laravel-ts-publish/src/Writers/EnumWriter.php">
        <class name="AbeTwoThree\LaravelTsPublish\Writers\EnumWriter" namespace="AbeTwoThree\LaravelTsPublish\Writers">
          <metrics complexity="4" methods="2" coveredmethods="2" conditionals="0" coveredconditionals="0" statements="21" coveredstatements="21" elements="23" coveredelements="23"/>
        </class>
        <line num="19" type="method" name="write" visibility="public" complexity="2" crap="2" count="77"/>
        <line num="22" type="stmt" count="77"/>
        <line num="24" type="stmt" count="77"/>
        <line num="27" type="stmt" count="77"/>
        <line num="29" type="stmt" count="77"/>
        <line num="30" type="stmt" count="77"/>
        <line num="31" type="stmt" count="77"/>
        <line num="32" type="stmt" count="77"/>
        <line num="33" type="stmt" count="77"/>
        <line num="34" type="stmt" count="77"/>
        <line num="35" type="stmt" count="77"/>
        <line num="36" type="stmt" count="77"/>
        <line num="37" type="stmt" count="77"/>
        <line num="39" type="stmt" count="77"/>
        <line num="40" type="stmt" count="17"/>
        <line num="43" type="stmt" count="77"/>
        <line num="46" type="method" name="writeEnumFile" visibility="protected" complexity="2" crap="2" count="17"/>
        <line num="48" type="stmt" count="17"/>
        <line num="49" type="stmt" count="17"/>
        <line num="50" type="stmt" count="1"/>
        <line num="51" type="stmt" count="16"/>
        <line num="53" type="stmt" count="17"/>
        <line num="54" type="stmt" count="17"/>
        <metrics loc="57" ncloc="50" classes="1" methods="2" coveredmethods="2" conditionals="0" coveredconditionals="0" statements="21" coveredstatements="21" elements="23" coveredelements="23"/>
      </file>
      <file name="/home/runner/work/laravel-ts-publish/laravel-ts-publish/src/Writers/GlobalsWriter.php">
        <class name="AbeTwoThree\LaravelTsPublish\Writers\GlobalsWriter" namespace="AbeTwoThree\LaravelTsPublish\Writers">
          <metrics complexity="6" methods="2" coveredmethods="2" conditionals="0" coveredconditionals="0" statements="29" coveredstatements="29" elements="31" coveredelements="31"/>
        </class>
        <line num="14" type="method" name="__construct" visibility="public" complexity="1" crap="1" count="58"/>
        <line num="16" type="stmt" count="58"/>
        <line num="18" type="method" name="write" visibility="public" complexity="5" crap="5" count="58"/>
        <line num="20" type="stmt" count="58"/>
        <line num="21" type="stmt" count="2"/>
        <line num="25" type="stmt" count="56"/>
        <line num="27" type="stmt" count="56"/>
        <line num="29" type="stmt" count="56"/>
        <line num="30" type="stmt" count="56"/>
        <line num="31" type="stmt" count="56"/>
        <line num="32" type="stmt" count="56"/>
        <line num="33" type="stmt" count="56"/>
        <line num="34" type="stmt" count="56"/>
        <line num="35" type="stmt" count="56"/>
        <line num="37" type="stmt" count="56"/>
        <line num="38" type="stmt" count="6"/>
        <line num="39" type="stmt" count="6"/>
        <line num="40" type="stmt" count="6"/>
        <line num="41" type="stmt" count="6"/>
        <line num="43" type="stmt" count="6"/>
        <line num="44" type="stmt" count="6"/>
        <line num="45" type="stmt" count="6"/>
        <line num="46" type="stmt" count="6"/>
        <line num="49" type="stmt" count="56"/>
        <line num="51" type="stmt" count="56"/>
        <line num="52" type="stmt" count="12"/>
        <line num="53" type="stmt" count="12"/>
        <line num="54" type="stmt" count="12"/>
        <line num="56" type="stmt" count="12"/>
        <line num="57" type="stmt" count="12"/>
        <line num="60" type="stmt" count="56"/>
        <metrics loc="63" ncloc="62" classes="1" methods="2" coveredmethods="2" conditionals="0" coveredconditionals="0" statements="29" coveredstatements="29" elements="31" coveredelements="31"/>
      </file>
      <file name="/home/runner/work/laravel-ts-publish/laravel-ts-publish/src/Writers/JsonWriter.php">
        <class name="AbeTwoThree\LaravelTsPublish\Writers\JsonWriter" namespace="AbeTwoThree\LaravelTsPublish\Writers">
          <metrics complexity="10" methods="5" coveredmethods="5" conditionals="0" coveredconditionals="0" statements="59" coveredstatements="59" elements="64" coveredelements="64"/>
        </class>
        <line num="22" type="method" name="__construct" visibility="public" complexity="1" crap="1" count="58"/>
        <line num="24" type="stmt" count="58"/>
        <line num="26" type="method" name="write" visibility="public" complexity="4" crap="4" count="58"/>
        <line num="28" type="stmt" count="58"/>
        <line num="29" type="stmt" count="2"/>
        <line num="32" type="stmt" count="56"/>
        <line num="34" type="stmt" count="56"/>
        <line num="35" type="stmt" count="12"/>
        <line num="36" type="stmt" count="12"/>
        <line num="37" type="stmt" count="12"/>
        <line num="39" type="stmt" count="12"/>
        <line num="40" type="stmt" count="12"/>
        <line num="43" type="stmt" count="56"/>
        <line num="46" type="method" name="createJsonContent" visibility="protected" complexity="1" crap="1" count="56"/>
        <line num="48" type="stmt" count="56"/>
        <line num="49" type="stmt" count="56"/>
        <line num="50" type="stmt" count="56"/>
        <line num="51" type="stmt" count="56"/>
        <line num="53" type="stmt" count="56"/>
        <line num="57" type="method" name="createJsonForModels" visibility="protected" complexity="2" crap="2" count="56"/>
        <line num="59" type="stmt" count="56"/>
        <line num="60" type="stmt" count="56"/>
        <line num="62" type="stmt" count="56"/>
        <line num="63" type="stmt" count="46"/>
        <line num="65" type="stmt" count="46"/>
        <line num="66" type="stmt" count="46"/>
        <line num="67" type="stmt" count="46"/>
        <line num="68" type="stmt" count="46"/>
        <line num="70" type="stmt" count="46"/>
        <line num="71" type="stmt" count="46"/>
        <line num="72" type="stmt" count="46"/>
        <line num="73" type="stmt" count="46"/>
        <line num="75" type="stmt" count="46"/>
        <line num="76" type="stmt" count="46"/>
        <line num="77" type="stmt" count="46"/>
        <line num="78" type="stmt" count="46"/>
        <line num="80" type="stmt" count="46"/>
        <line num="81" type="stmt" count="46"/>
        <line num="82" type="stmt" count="46"/>
        <line num="83" type="stmt" count="46"/>
        <line num="85" type="stmt" count="46"/>
        <line num="86" type="stmt" count="46"/>
        <line num="87" type="stmt" count="46"/>
        <line num="88" type="stmt" count="46"/>
        <line num="90" type="stmt" count="46"/>
        <line num="91" type="stmt" count="46"/>
        <line num="92" type="stmt" count="46"/>
        <line num="93" type="stmt" count="46"/>
        <line num="94" type="stmt" count="46"/>
        <line num="95" type="stmt" count="46"/>
        <line num="96" type="stmt" count="46"/>
        <line num="99" type="stmt" count="56"/>
        <line num="111" type="method" name="createJsonForEnums" visibility="protected" complexity="2" crap="2" count="56"/>
        <line num="114" type="stmt" count="56"/>
        <line num="116" type="stmt" count="56"/>
        <line num="118" type="stmt" count="56"/>
        <line num="119" type="stmt" count="49"/>
        <line num="120" type="stmt" count="49"/>
        <line num="121" type="stmt" count="49"/>
        <line num="122" type="stmt" count="49"/>
        <line num="123" type="stmt" count="49"/>
        <line num="124" type="stmt" count="49"/>
        <line num="125" type="stmt" count="49"/>
        <line num="128" type="stmt" count="56"/>
        <metrics loc="131" ncloc="113" classes="1" methods="5" coveredmethods="5" conditionals="0" coveredconditionals="0" statements="59" coveredstatements="59" elements="64" coveredelements="64"/>
      </file>
      <file name="/home/runner/work/laravel-ts-publish/laravel-ts-publish/src/Writers/ModelWriter.php">
        <class name="AbeTwoThree\LaravelTsPublish\Writers\ModelWriter" namespace="AbeTwoThree\LaravelTsPublish\Writers">
          <metrics complexity="4" methods="2" coveredmethods="2" conditionals="0" coveredconditionals="0" statements="21" coveredstatements="21" elements="23" coveredelements="23"/>
        </class>
        <line num="19" type="method" name="write" visibility="public" complexity="2" crap="2" count="71"/>
        <line num="22" type="stmt" count="71"/>
        <line num="25" type="stmt" count="71"/>
        <line num="27" type="stmt" count="71"/>
        <line num="29" type="stmt" count="71"/>
        <line num="30" type="stmt" count="71"/>
        <line num="31" type="stmt" count="71"/>
        <line num="32" type="stmt" count="71"/>
        <line num="33" type="stmt" count="71"/>
        <line num="34" type="stmt" count="71"/>
        <line num="35" type="stmt" count="71"/>
        <line num="36" type="stmt" count="71"/>
        <line num="37" type="stmt" count="71"/>
        <line num="39" type="stmt" count="71"/>
        <line num="40" type="stmt" count="13"/>
        <line num="43" type="stmt" count="71"/>
        <line num="46" type="method" name="writeModelFile" visibility="protected" complexity="2" crap="2" count="13"/>
        <line num="48" type="stmt" count="13"/>
        <line num="49" type="stmt" count="13"/>
        <line num="50" type="stmt" count="1"/>
        <line num="51" type="stmt" count="12"/>
        <line num="53" type="stmt" count="13"/>
        <line num="54" type="stmt" count="13"/>
        <metrics loc="57" ncloc="50" classes="1" methods="2" coveredmethods="2" conditionals="0" coveredconditionals="0" statements="21" coveredstatements="21" elements="23" coveredelements="23"/>
      </file>
      <file name="/home/runner/work/laravel-ts-publish/laravel-ts-publish/src/Writers/WatcherJsonWriter.php">
        <class name="AbeTwoThree\LaravelTsPublish\Writers\WatcherJsonWriter" namespace="AbeTwoThree\LaravelTsPublish\Writers">
          <metrics complexity="5" methods="2" coveredmethods="2" conditionals="0" coveredconditionals="0" statements="14" coveredstatements="14" elements="16" coveredelements="16"/>
        </class>
        <line num="14" type="method" name="__construct" visibility="public" complexity="1" crap="1" count="58"/>
        <line num="16" type="stmt" count="58"/>
        <line num="18" type="method" name="write" visibility="public" complexity="4" crap="4" count="58"/>
        <line num="20" type="stmt" count="58"/>
        <line num="21" type="stmt" count="2"/>
        <line num="24" type="stmt" count="56"/>
        <line num="25" type="stmt" count="56"/>
        <line num="26" type="stmt" count="56"/>
        <line num="27" type="stmt" count="56"/>
        <line num="29" type="stmt" count="56"/>
        <line num="30" type="stmt" count="12"/>
        <line num="31" type="stmt" count="12"/>
        <line num="32" type="stmt" count="12"/>
        <line num="34" type="stmt" count="12"/>
        <line num="35" type="stmt" count="12"/>
        <line num="38" type="stmt" count="56"/>
        <metrics loc="41" ncloc="41" classes="1" methods="2" coveredmethods="2" conditionals="0" coveredconditionals="0" statements="14" coveredstatements="14" elements="16" coveredelements="16"/>
      </file>
    </package>
    <metrics files="36" loc="3766" ncloc="3158" classes="34" methods="128" coveredmethods="128" conditionals="0" coveredconditionals="0" statements="1320" coveredstatements="1320" elements="1448" coveredelements="1448"/>
  </project>
</coverage>
